2022/06/08 12:35:32 [notice] 1#1: using the "epoll" event method
2022/06/08 12:35:32 [notice] 1#1: nginx/1.22.0
2022/06/08 12:35:32 [notice] 1#1: built by gcc 10.2.1 20210110 (Debian 10.2.1-6) 
2022/06/08 12:35:32 [notice] 1#1: OS: Linux 5.10.47-linuxkit
2022/06/08 12:35:32 [notice] 1#1: getrlimit(RLIMIT_NOFILE): 1048576:1048576
2022/06/08 12:35:32 [notice] 1#1: start worker processes
2022/06/08 12:35:32 [notice] 1#1: start worker process 31
2022/06/08 12:35:32 [notice] 1#1: start worker process 32
2022/06/08 12:35:32 [notice] 1#1: start worker process 33
2022/06/08 12:35:32 [notice] 1#1: start worker process 34
2022/06/08 14:15:53 [notice] 1#1: using the "epoll" event method
2022/06/08 14:15:53 [notice] 1#1: nginx/1.22.0
2022/06/08 14:15:53 [notice] 1#1: built by gcc 10.2.1 20210110 (Debian 10.2.1-6) 
2022/06/08 14:15:53 [notice] 1#1: OS: Linux 5.10.47-linuxkit
2022/06/08 14:15:53 [notice] 1#1: getrlimit(RLIMIT_NOFILE): 1048576:1048576
2022/06/08 14:15:53 [notice] 1#1: start worker processes
2022/06/08 14:15:53 [notice] 1#1: start worker process 32
2022/06/08 14:15:53 [notice] 1#1: start worker process 33
2022/06/08 14:15:53 [notice] 1#1: start worker process 34
2022/06/08 14:15:53 [notice] 1#1: start worker process 35
2022/06/08 14:17:41 [warn] 32#32: *7 an upstream response is buffered to a temporary file /var/cache/nginx/proxy_temp/1/00/0000000001 while reading upstream, client: 172.27.0.1, server: , request: "GET /image/10000.png HTTP/1.1", upstream: "http://172.27.0.3:8080/image/10000.png", host: "localhost", referrer: "http://localhost/"
2022/06/08 14:54:43 [notice] 1#1: signal 3 (SIGQUIT) received, shutting down
2022/06/08 14:54:43 [notice] 35#35: gracefully shutting down
2022/06/08 14:54:43 [notice] 35#35: exiting
2022/06/08 14:54:43 [notice] 33#33: gracefully shutting down
2022/06/08 14:54:43 [notice] 34#34: gracefully shutting down
2022/06/08 14:54:43 [notice] 34#34: exiting
2022/06/08 14:54:43 [notice] 32#32: gracefully shutting down
2022/06/08 14:54:43 [notice] 35#35: exit
2022/06/08 14:54:43 [notice] 33#33: exiting
2022/06/08 14:54:43 [notice] 34#34: exit
2022/06/08 14:54:43 [notice] 32#32: exiting
2022/06/08 14:54:43 [notice] 33#33: exit
2022/06/08 14:54:43 [notice] 32#32: exit
2022/06/08 14:54:43 [notice] 1#1: signal 17 (SIGCHLD) received from 35
2022/06/08 14:54:43 [notice] 1#1: worker process 35 exited with code 0
2022/06/08 14:54:43 [notice] 1#1: worker process 34 exited with code 0
2022/06/08 14:54:43 [notice] 1#1: signal 29 (SIGIO) received
2022/06/08 14:54:43 [notice] 1#1: signal 17 (SIGCHLD) received from 34
2022/06/08 14:54:43 [notice] 1#1: signal 17 (SIGCHLD) received from 32
2022/06/08 14:54:43 [notice] 1#1: worker process 32 exited with code 0
2022/06/08 14:54:43 [notice] 1#1: worker process 33 exited with code 0
2022/06/08 14:54:43 [notice] 1#1: exit
